android/app/build/intermediates/manifest_merge_blame_file/debug/processDebugMainManifest/manifest-merger-blame-debug-report.txt
1<?xml version="1.0" encoding="utf-8"?>
2<manifest xmlns:android="http://schemas.android.com/apk/res/android"
3    package="com.yourcompany.merohealth"
4    android:versionCode="1"
5    android:versionName="1.0.0" >
6
7    <uses-sdk
8        android:minSdkVersion="24"
9        android:targetSdkVersion="34" />
10
11    <uses-permission android:name="android.permission.SYSTEM_ALERT_WINDOW" />
11-->src\main\AndroidManifest.xml:4:3-75
11-->src\main\AndroidManifest.xml:4:20-73
12    <uses-permission android:name="android.permission.INTERNET" />
12-->src\main\AndroidManifest.xml:2:3-64
12-->src\main\AndroidManifest.xml:2:20-62
13    <uses-permission android:name="android.permission.READ_EXTERNAL_STORAGE" />
13-->src\main\AndroidManifest.xml:3:3-77
13-->src\main\AndroidManifest.xml:3:20-75
14    <uses-permission android:name="android.permission.VIBRATE" />
14-->src\main\AndroidManifest.xml:5:3-63
14-->src\main\AndroidManifest.xml:5:20-61
15    <uses-permission android:name="android.permission.WRITE_EXTERNAL_STORAGE" />
15-->src\main\AndroidManifest.xml:6:3-78
15-->src\main\AndroidManifest.xml:6:20-76
16
17    <queries>
17-->src\main\AndroidManifest.xml:7:3-13:13
18        <intent>
18-->src\main\AndroidManifest.xml:8:5-12:14
19            <action android:name="android.intent.action.VIEW" />
19-->src\main\AndroidManifest.xml:9:7-58
19-->src\main\AndroidManifest.xml:9:15-56
20
21            <category android:name="android.intent.category.BROWSABLE" />
21-->src\main\AndroidManifest.xml:10:7-67
21-->src\main\AndroidManifest.xml:10:17-65
22
23            <data android:scheme="https" />
23-->src\main\AndroidManifest.xml:11:7-37
23-->src\main\AndroidManifest.xml:11:13-35
24        </intent>
25
26        <package android:name="host.exp.exponent" /> <!-- Query open documents -->
26-->[:expo-dev-launcher] AndroidManifest.xml:8:9-53
26-->[:expo-dev-launcher] AndroidManifest.xml:8:18-50
27        <intent>
27-->[:expo-file-system] AndroidManifest.xml:15:9-17:18
28            <action android:name="android.intent.action.OPEN_DOCUMENT_TREE" />
28-->[:expo-file-system] AndroidManifest.xml:16:13-79
28-->[:expo-file-system] AndroidManifest.xml:16:21-76
29        </intent>
30    </queries>
31
32    <uses-permission android:name="android.permission.WAKE_LOCK" />
32-->[:react-native-firebase_messaging] AndroidManifest.xml:8:5-68
32-->[:react-native-firebase_messaging] AndroidManifest.xml:8:22-65
33    <uses-permission android:name="android.permission.ACCESS_NETWORK_STATE" />
33-->[:react-native-firebase_messaging] AndroidManifest.xml:9:5-79
33-->[:react-native-firebase_messaging] AndroidManifest.xml:9:22-76
34    <uses-permission android:name="android.permission.RECEIVE_BOOT_COMPLETED" />
34-->[:expo-notifications] AndroidManifest.xml:7:5-81
34-->[:expo-notifications] AndroidManifest.xml:7:22-78
35    <uses-permission android:name="android.permission.POST_NOTIFICATIONS" /> <!-- Required by older versions of Google Play services to create IID tokens -->
35-->[:expo-notifications] AndroidManifest.xml:8:5-77
35-->[:expo-notifications] AndroidManifest.xml:8:22-74
36    <uses-permission android:name="com.google.android.c2dm.permission.RECEIVE" />
36-->[com.google.firebase:firebase-messaging:24.1.0] AndroidManifest.xml:26:5-82
36-->[com.google.firebase:firebase-messaging:24.1.0] AndroidManifest.xml:26:22-79
37
38    <permission
38-->[androidx.core:core:1.13.1] AndroidManifest.xml:22:5-24:47
39        android:name="com.yourcompany.merohealth.DYNAMIC_RECEIVER_NOT_EXPORTED_PERMISSION"
39-->[androidx.core:core:1.13.1] AndroidManifest.xml:23:9-81
40        android:protectionLevel="signature" />
40-->[androidx.core:core:1.13.1] AndroidManifest.xml:24:9-44
41
42    <uses-permission android:name="com.yourcompany.merohealth.DYNAMIC_RECEIVER_NOT_EXPORTED_PERMISSION" />
42-->[androidx.core:core:1.13.1] AndroidManifest.xml:26:5-97
42-->[androidx.core:core:1.13.1] AndroidManifest.xml:26:22-94
43    <uses-permission android:name="com.google.android.finsky.permission.BIND_GET_INSTALL_REFERRER_SERVICE" /> <!-- for android -->
43-->[com.android.installreferrer:installreferrer:2.2] AndroidManifest.xml:9:5-110
43-->[com.android.installreferrer:installreferrer:2.2] AndroidManifest.xml:9:22-107
44    <!-- <uses-permission android:name="com.android.launcher.permission.READ_SETTINGS"/> -->
45    <!-- <uses-permission android:name="com.android.launcher.permission.WRITE_SETTINGS"/> -->
46    <!-- <uses-permission android:name="com.android.launcher.permission.INSTALL_SHORTCUT" /> -->
47    <!-- <uses-permission android:name="com.android.launcher.permission.UNINSTALL_SHORTCUT" /> -->
48    <!-- for Samsung -->
49    <uses-permission android:name="com.sec.android.provider.badge.permission.READ" />
49-->[me.leolin:ShortcutBadger:1.1.22] AndroidManifest.xml:19:5-86
49-->[me.leolin:ShortcutBadger:1.1.22] AndroidManifest.xml:19:22-83
50    <uses-permission android:name="com.sec.android.provider.badge.permission.WRITE" /> <!-- for htc -->
50-->[me.leolin:ShortcutBadger:1.1.22] AndroidManifest.xml:20:5-87
50-->[me.leolin:ShortcutBadger:1.1.22] AndroidManifest.xml:20:22-84
51    <uses-permission android:name="com.htc.launcher.permission.READ_SETTINGS" />
51-->[me.leolin:ShortcutBadger:1.1.22] AndroidManifest.xml:23:5-81
51-->[me.leolin:ShortcutBadger:1.1.22] AndroidManifest.xml:23:22-78
52    <uses-permission android:name="com.htc.launcher.permission.UPDATE_SHORTCUT" /> <!-- for sony -->
52-->[me.leolin:ShortcutBadger:1.1.22] AndroidManifest.xml:24:5-83
52-->[me.leolin:ShortcutBadger:1.1.22] AndroidManifest.xml:24:22-80
53    <uses-permission android:name="com.sonyericsson.home.permission.BROADCAST_BADGE" />
53-->[me.leolin:ShortcutBadger:1.1.22] AndroidManifest.xml:27:5-88
53-->[me.leolin:ShortcutBadger:1.1.22] AndroidManifest.xml:27:22-85
54    <uses-permission android:name="com.sonymobile.home.permission.PROVIDER_INSERT_BADGE" /> <!-- for apex -->
54-->[me.leolin:ShortcutBadger:1.1.22] AndroidManifest.xml:28:5-92
54-->[me.leolin:ShortcutBadger:1.1.22] AndroidManifest.xml:28:22-89
55    <uses-permission android:name="com.anddoes.launcher.permission.UPDATE_COUNT" /> <!-- for solid -->
55-->[me.leolin:ShortcutBadger:1.1.22] AndroidManifest.xml:31:5-84
55-->[me.leolin:ShortcutBadger:1.1.22] AndroidManifest.xml:31:22-81
56    <uses-permission android:name="com.majeur.launcher.permission.UPDATE_BADGE" /> <!-- for huawei -->
56-->[me.leolin:ShortcutBadger:1.1.22] AndroidManifest.xml:34:5-83
56-->[me.leolin:ShortcutBadger:1.1.22] AndroidManifest.xml:34:22-80
57    <uses-permission android:name="com.huawei.android.launcher.permission.CHANGE_BADGE" />
57-->[me.leolin:ShortcutBadger:1.1.22] AndroidManifest.xml:37:5-91
57-->[me.leolin:ShortcutBadger:1.1.22] AndroidManifest.xml:37:22-88
58    <uses-permission android:name="com.huawei.android.launcher.permission.READ_SETTINGS" />
58-->[me.leolin:ShortcutBadger:1.1.22] AndroidManifest.xml:38:5-92
58-->[me.leolin:ShortcutBadger:1.1.22] AndroidManifest.xml:38:22-89
59    <uses-permission android:name="com.huawei.android.launcher.permission.WRITE_SETTINGS" /> <!-- for ZUK -->
59-->[me.leolin:ShortcutBadger:1.1.22] AndroidManifest.xml:39:5-93
59-->[me.leolin:ShortcutBadger:1.1.22] AndroidManifest.xml:39:22-90
60    <uses-permission android:name="android.permission.READ_APP_BADGE" /> <!-- for OPPO -->
60-->[me.leolin:ShortcutBadger:1.1.22] AndroidManifest.xml:42:5-73
60-->[me.leolin:ShortcutBadger:1.1.22] AndroidManifest.xml:42:22-70
61    <uses-permission android:name="com.oppo.launcher.permission.READ_SETTINGS" />
61-->[me.leolin:ShortcutBadger:1.1.22] AndroidManifest.xml:45:5-82
61-->[me.leolin:ShortcutBadger:1.1.22] AndroidManifest.xml:45:22-79
62    <uses-permission android:name="com.oppo.launcher.permission.WRITE_SETTINGS" /> <!-- for EvMe -->
62-->[me.leolin:ShortcutBadger:1.1.22] AndroidManifest.xml:46:5-83
62-->[me.leolin:ShortcutBadger:1.1.22] AndroidManifest.xml:46:22-80
63    <uses-permission android:name="me.everything.badger.permission.BADGE_COUNT_READ" />
63-->[me.leolin:ShortcutBadger:1.1.22] AndroidManifest.xml:49:5-88
63-->[me.leolin:ShortcutBadger:1.1.22] AndroidManifest.xml:49:22-85
64    <uses-permission android:name="me.everything.badger.permission.BADGE_COUNT_WRITE" />
64-->[me.leolin:ShortcutBadger:1.1.22] AndroidManifest.xml:50:5-89
64-->[me.leolin:ShortcutBadger:1.1.22] AndroidManifest.xml:50:22-86
65
66    <application
66-->src\main\AndroidManifest.xml:14:3-31:17
67        android:name="com.yourcompany.merohealth.MainApplication"
67-->src\main\AndroidManifest.xml:14:16-47
68        android:allowBackup="true"
68-->src\main\AndroidManifest.xml:14:162-188
69        android:appComponentFactory="androidx.core.app.CoreComponentFactory"
69-->[androidx.core:core:1.13.1] AndroidManifest.xml:28:18-86
70        android:debuggable="true"
71        android:extractNativeLibs="false"
72        android:icon="@mipmap/ic_launcher"
72-->src\main\AndroidManifest.xml:14:81-115
73        android:label="@string/app_name"
73-->src\main\AndroidManifest.xml:14:48-80
74        android:roundIcon="@mipmap/ic_launcher_round"
74-->src\main\AndroidManifest.xml:14:116-161
75        android:supportsRtl="true"
75-->src\main\AndroidManifest.xml:14:221-247
76        android:theme="@style/AppTheme"
76-->src\main\AndroidManifest.xml:14:189-220
77        android:usesCleartextTraffic="true" >
77-->src\debug\AndroidManifest.xml:7:9-44
78
79        <!-- Add Firebase Notification Settings -->
80        <meta-data
80-->src\debug\AndroidManifest.xml:13:9-16:48
81            android:name="com.google.firebase.messaging.default_notification_color"
81-->src\debug\AndroidManifest.xml:14:13-84
82            android:resource="@color/notification_icon_color" />
82-->src\debug\AndroidManifest.xml:15:13-62
83        <meta-data
83-->src\debug\AndroidManifest.xml:18:9-20:68
84            android:name="com.google.firebase.messaging.default_notification_icon"
84-->src\debug\AndroidManifest.xml:19:13-83
85            android:resource="@drawable/ic_stat_ic_notification" />
85-->src\debug\AndroidManifest.xml:20:13-65
86        <meta-data
86-->src\debug\AndroidManifest.xml:22:9-25:45
87            android:name="com.google.firebase.messaging.default_notification_channel_id"
87-->src\debug\AndroidManifest.xml:23:13-89
88            android:value="default_notification_channel" />
88-->src\debug\AndroidManifest.xml:24:13-57
89        <meta-data
89-->src\main\AndroidManifest.xml:15:5-83
90            android:name="expo.modules.updates.ENABLED"
90-->src\main\AndroidManifest.xml:15:16-59
91            android:value="false" />
91-->src\main\AndroidManifest.xml:15:60-81
92        <meta-data
92-->src\main\AndroidManifest.xml:16:5-105
93            android:name="expo.modules.updates.EXPO_UPDATES_CHECK_ON_LAUNCH"
93-->src\main\AndroidManifest.xml:16:16-80
94            android:value="ALWAYS" />
94-->src\main\AndroidManifest.xml:16:81-103
95        <meta-data
95-->src\main\AndroidManifest.xml:17:5-99
96            android:name="expo.modules.updates.EXPO_UPDATES_LAUNCH_WAIT_MS"
96-->src\main\AndroidManifest.xml:17:16-79
97            android:value="0" />
97-->src\main\AndroidManifest.xml:17:80-97
98
99        <activity
99-->src\main\AndroidManifest.xml:18:5-30:16
100            android:name="com.yourcompany.merohealth.MainActivity"
100-->src\main\AndroidManifest.xml:18:15-43
101            android:configChanges="keyboard|keyboardHidden|orientation|screenSize|screenLayout|uiMode"
101-->src\main\AndroidManifest.xml:18:44-134
102            android:exported="true"
102-->src\main\AndroidManifest.xml:18:256-279
103            android:launchMode="singleTask"
103-->src\main\AndroidManifest.xml:18:135-166
104            android:screenOrientation="portrait"
104-->src\main\AndroidManifest.xml:18:280-316
105            android:theme="@style/Theme.App.SplashScreen"
105-->src\main\AndroidManifest.xml:18:210-255
106            android:windowSoftInputMode="adjustResize" >
106-->src\main\AndroidManifest.xml:18:167-209
107            <intent-filter>
107-->src\main\AndroidManifest.xml:19:7-22:23
108                <action android:name="android.intent.action.MAIN" />
108-->src\main\AndroidManifest.xml:20:9-60
108-->src\main\AndroidManifest.xml:20:17-58
109
110                <category android:name="android.intent.category.LAUNCHER" />
110-->src\main\AndroidManifest.xml:21:9-68
110-->src\main\AndroidManifest.xml:21:19-66
111            </intent-filter>
112            <intent-filter>
112-->src\main\AndroidManifest.xml:23:7-29:23
113                <action android:name="android.intent.action.VIEW" />
113-->src\main\AndroidManifest.xml:9:7-58
113-->src\main\AndroidManifest.xml:9:15-56
114
115                <category android:name="android.intent.category.DEFAULT" />
115-->src\main\AndroidManifest.xml:25:9-67
115-->src\main\AndroidManifest.xml:25:19-65
116                <category android:name="android.intent.category.BROWSABLE" />
116-->src\main\AndroidManifest.xml:10:7-67
116-->src\main\AndroidManifest.xml:10:17-65
117
118                <data android:scheme="com.yourcompany.merohealth" />
118-->src\main\AndroidManifest.xml:11:7-37
118-->src\main\AndroidManifest.xml:11:13-35
119                <data android:scheme="exp+merohealth" />
119-->src\main\AndroidManifest.xml:11:7-37
119-->src\main\AndroidManifest.xml:11:13-35
120            </intent-filter>
121        </activity>
122
123        <service
123-->[:react-native-firebase_messaging] AndroidManifest.xml:12:9-14:40
124            android:name="io.invertase.firebase.messaging.ReactNativeFirebaseMessagingHeadlessService"
124-->[:react-native-firebase_messaging] AndroidManifest.xml:13:13-103
125            android:exported="false" />
125-->[:react-native-firebase_messaging] AndroidManifest.xml:14:13-37
126        <service
126-->[:react-native-firebase_messaging] AndroidManifest.xml:15:9-21:19
127            android:name="io.invertase.firebase.messaging.ReactNativeFirebaseMessagingService"
127-->[:react-native-firebase_messaging] AndroidManifest.xml:16:13-95
128            android:exported="false" >
128-->[:react-native-firebase_messaging] AndroidManifest.xml:17:13-37
129            <intent-filter>
129-->[:react-native-firebase_messaging] AndroidManifest.xml:18:13-20:29
130                <action android:name="com.google.firebase.MESSAGING_EVENT" />
130-->[:react-native-firebase_messaging] AndroidManifest.xml:19:17-78
130-->[:react-native-firebase_messaging] AndroidManifest.xml:19:25-75
131            </intent-filter>
132        </service>
133
134        <receiver
134-->[:react-native-firebase_messaging] AndroidManifest.xml:23:9-30:20
135            android:name="io.invertase.firebase.messaging.ReactNativeFirebaseMessagingReceiver"
135-->[:react-native-firebase_messaging] AndroidManifest.xml:24:13-96
136            android:exported="true"
136-->[:react-native-firebase_messaging] AndroidManifest.xml:25:13-36
137            android:permission="com.google.android.c2dm.permission.SEND" >
137-->[:react-native-firebase_messaging] AndroidManifest.xml:26:13-73
138            <intent-filter>
138-->[:react-native-firebase_messaging] AndroidManifest.xml:27:13-29:29
139                <action android:name="com.google.android.c2dm.intent.RECEIVE" />
139-->[:react-native-firebase_messaging] AndroidManifest.xml:28:17-81
139-->[:react-native-firebase_messaging] AndroidManifest.xml:28:25-78
140            </intent-filter>
141        </receiver>
142
143        <meta-data
143-->[:react-native-firebase_messaging] AndroidManifest.xml:32:9-34:36
144            android:name="firebase_messaging_auto_init_enabled"
144-->[:react-native-firebase_messaging] AndroidManifest.xml:33:13-64
145            android:value="true" />
145-->[:react-native-firebase_messaging] AndroidManifest.xml:34:13-33
146        <meta-data
146-->[:react-native-firebase_app] AndroidManifest.xml:9:9-11:36
147            android:name="app_data_collection_default_enabled"
147-->[:react-native-firebase_app] AndroidManifest.xml:10:13-63
148            android:value="true" />
148-->[:react-native-firebase_app] AndroidManifest.xml:11:13-33
149
150        <service
150-->[:react-native-firebase_app] AndroidManifest.xml:13:9-21:19
151            android:name="com.google.firebase.components.ComponentDiscoveryService"
151-->[:react-native-firebase_app] AndroidManifest.xml:14:13-84
152            android:directBootAware="true"
152-->[:react-native-firebase_app] AndroidManifest.xml:15:13-43
153            android:exported="false" >
153-->[:react-native-firebase_app] AndroidManifest.xml:16:13-37
154            <meta-data
154-->[:react-native-firebase_app] AndroidManifest.xml:18:13-20:85
155                android:name="com.google.firebase.components:io.invertase.firebase.app.ReactNativeFirebaseAppRegistrar"
155-->[:react-native-firebase_app] AndroidManifest.xml:19:17-120
156                android:value="com.google.firebase.components.ComponentRegistrar" />
156-->[:react-native-firebase_app] AndroidManifest.xml:20:17-82
157            <meta-data
157-->[com.google.firebase:firebase-messaging:24.1.0] AndroidManifest.xml:57:13-59:85
158                android:name="com.google.firebase.components:com.google.firebase.messaging.FirebaseMessagingKtxRegistrar"
158-->[com.google.firebase:firebase-messaging:24.1.0] AndroidManifest.xml:58:17-122
159                android:value="com.google.firebase.components.ComponentRegistrar" />
159-->[com.google.firebase:firebase-messaging:24.1.0] AndroidManifest.xml:59:17-82
160            <meta-data
160-->[com.google.firebase:firebase-messaging:24.1.0] AndroidManifest.xml:60:13-62:85
161                android:name="com.google.firebase.components:com.google.firebase.messaging.FirebaseMessagingRegistrar"
161-->[com.google.firebase:firebase-messaging:24.1.0] AndroidManifest.xml:61:17-119
162                android:value="com.google.firebase.components.ComponentRegistrar" />
162-->[com.google.firebase:firebase-messaging:24.1.0] AndroidManifest.xml:62:17-82
163            <meta-data
163-->[com.google.firebase:firebase-installations:18.0.0] AndroidManifest.xml:15:13-17:85
164                android:name="com.google.firebase.components:com.google.firebase.installations.FirebaseInstallationsKtxRegistrar"
164-->[com.google.firebase:firebase-installations:18.0.0] AndroidManifest.xml:16:17-130
165                android:value="com.google.firebase.components.ComponentRegistrar" />
165-->[com.google.firebase:firebase-installations:18.0.0] AndroidManifest.xml:17:17-82
166            <meta-data
166-->[com.google.firebase:firebase-installations:18.0.0] AndroidManifest.xml:18:13-20:85
167                android:name="com.google.firebase.components:com.google.firebase.installations.FirebaseInstallationsRegistrar"
167-->[com.google.firebase:firebase-installations:18.0.0] AndroidManifest.xml:19:17-127
168                android:value="com.google.firebase.components.ComponentRegistrar" />
168-->[com.google.firebase:firebase-installations:18.0.0] AndroidManifest.xml:20:17-82
169            <meta-data
169-->[com.google.firebase:firebase-common-ktx:21.0.0] AndroidManifest.xml:12:13-14:85
170                android:name="com.google.firebase.components:com.google.firebase.ktx.FirebaseCommonLegacyRegistrar"
170-->[com.google.firebase:firebase-common-ktx:21.0.0] AndroidManifest.xml:13:17-116
171                android:value="com.google.firebase.components.ComponentRegistrar" />
171-->[com.google.firebase:firebase-common-ktx:21.0.0] AndroidManifest.xml:14:17-82
172            <meta-data
172-->[com.google.firebase:firebase-common:21.0.0] AndroidManifest.xml:35:13-37:85
173                android:name="com.google.firebase.components:com.google.firebase.FirebaseCommonKtxRegistrar"
173-->[com.google.firebase:firebase-common:21.0.0] AndroidManifest.xml:36:17-109
174                android:value="com.google.firebase.components.ComponentRegistrar" />
174-->[com.google.firebase:firebase-common:21.0.0] AndroidManifest.xml:37:17-82
175            <meta-data
175-->[com.google.firebase:firebase-datatransport:18.2.0] AndroidManifest.xml:25:13-27:85
176                android:name="com.google.firebase.components:com.google.firebase.datatransport.TransportRegistrar"
176-->[com.google.firebase:firebase-datatransport:18.2.0] AndroidManifest.xml:26:17-115
177                android:value="com.google.firebase.components.ComponentRegistrar" />
177-->[com.google.firebase:firebase-datatransport:18.2.0] AndroidManifest.xml:27:17-82
178        </service>
179
180        <provider
180-->[:react-native-firebase_app] AndroidManifest.xml:23:9-27:38
181            android:name="io.invertase.firebase.app.ReactNativeFirebaseAppInitProvider"
181-->[:react-native-firebase_app] AndroidManifest.xml:24:13-88
182            android:authorities="com.yourcompany.merohealth.reactnativefirebaseappinitprovider"
182-->[:react-native-firebase_app] AndroidManifest.xml:25:13-86
183            android:exported="false"
183-->[:react-native-firebase_app] AndroidManifest.xml:26:13-37
184            android:initOrder="99" />
184-->[:react-native-firebase_app] AndroidManifest.xml:27:13-35
185
186        <activity
186-->[:expo-dev-launcher] AndroidManifest.xml:12:9-25:20
187            android:name="expo.modules.devlauncher.launcher.DevLauncherActivity"
187-->[:expo-dev-launcher] AndroidManifest.xml:13:13-81
188            android:exported="true"
188-->[:expo-dev-launcher] AndroidManifest.xml:14:13-36
189            android:launchMode="singleTask"
189-->[:expo-dev-launcher] AndroidManifest.xml:15:13-44
190            android:theme="@style/Theme.DevLauncher.LauncherActivity" >
190-->[:expo-dev-launcher] AndroidManifest.xml:16:13-70
191            <intent-filter>
191-->[:expo-dev-launcher] AndroidManifest.xml:17:13-24:29
192                <action android:name="android.intent.action.VIEW" />
192-->src\main\AndroidManifest.xml:9:7-58
192-->src\main\AndroidManifest.xml:9:15-56
193
194                <category android:name="android.intent.category.DEFAULT" />
194-->src\main\AndroidManifest.xml:25:9-67
194-->src\main\AndroidManifest.xml:25:19-65
195                <category android:name="android.intent.category.BROWSABLE" />
195-->src\main\AndroidManifest.xml:10:7-67
195-->src\main\AndroidManifest.xml:10:17-65
196
197                <data android:scheme="expo-dev-launcher" />
197-->src\main\AndroidManifest.xml:11:7-37
197-->src\main\AndroidManifest.xml:11:13-35
198            </intent-filter>
199        </activity>
200        <activity
200-->[:expo-dev-launcher] AndroidManifest.xml:26:9-29:70
201            android:name="expo.modules.devlauncher.launcher.errors.DevLauncherErrorActivity"
201-->[:expo-dev-launcher] AndroidManifest.xml:27:13-93
202            android:screenOrientation="portrait"
202-->[:expo-dev-launcher] AndroidManifest.xml:28:13-49
203            android:theme="@style/Theme.DevLauncher.ErrorActivity" />
203-->[:expo-dev-launcher] AndroidManifest.xml:29:13-67
204        <activity
204-->[:expo-dev-menu] AndroidManifest.xml:8:9-21:20
205            android:name="expo.modules.devmenu.DevMenuActivity"
205-->[:expo-dev-menu] AndroidManifest.xml:9:13-64
206            android:exported="true"
206-->[:expo-dev-menu] AndroidManifest.xml:10:13-36
207            android:launchMode="singleTask"
207-->[:expo-dev-menu] AndroidManifest.xml:11:13-44
208            android:theme="@style/Theme.AppCompat.Transparent.NoActionBar" >
208-->[:expo-dev-menu] AndroidManifest.xml:12:13-75
209            <intent-filter>
209-->[:expo-dev-menu] AndroidManifest.xml:13:13-20:29
210                <action android:name="android.intent.action.VIEW" />
210-->src\main\AndroidManifest.xml:9:7-58
210-->src\main\AndroidManifest.xml:9:15-56
211
212                <category android:name="android.intent.category.DEFAULT" />
212-->src\main\AndroidManifest.xml:25:9-67
212-->src\main\AndroidManifest.xml:25:19-65
213                <category android:name="android.intent.category.BROWSABLE" />
213-->src\main\AndroidManifest.xml:10:7-67
213-->src\main\AndroidManifest.xml:10:17-65
214
215                <data android:scheme="expo-dev-menu" />
215-->src\main\AndroidManifest.xml:11:7-37
215-->src\main\AndroidManifest.xml:11:13-35
216            </intent-filter>
217        </activity>
218
219        <provider
219-->[:expo-file-system] AndroidManifest.xml:21:9-30:20
220            android:name="expo.modules.filesystem.FileSystemFileProvider"
220-->[:expo-file-system] AndroidManifest.xml:22:13-74
221            android:authorities="com.yourcompany.merohealth.FileSystemFileProvider"
221-->[:expo-file-system] AndroidManifest.xml:23:13-74
222            android:exported="false"
222-->[:expo-file-system] AndroidManifest.xml:24:13-37
223            android:grantUriPermissions="true" >
223-->[:expo-file-system] AndroidManifest.xml:25:13-47
224            <meta-data
224-->[:expo-file-system] AndroidManifest.xml:27:13-29:70
225                android:name="android.support.FILE_PROVIDER_PATHS"
225-->[:expo-file-system] AndroidManifest.xml:28:17-67
226                android:resource="@xml/file_system_provider_paths" />
226-->[:expo-file-system] AndroidManifest.xml:29:17-67
227        </provider>
228
229        <service
229-->[:expo-notifications] AndroidManifest.xml:11:9-17:19
230            android:name="expo.modules.notifications.service.ExpoFirebaseMessagingService"
230-->[:expo-notifications] AndroidManifest.xml:12:13-91
231            android:exported="false" >
231-->[:expo-notifications] AndroidManifest.xml:13:13-37
232            <intent-filter android:priority="-1" >
232-->[:react-native-firebase_messaging] AndroidManifest.xml:18:13-20:29
233                <action android:name="com.google.firebase.MESSAGING_EVENT" />
233-->[:react-native-firebase_messaging] AndroidManifest.xml:19:17-78
233-->[:react-native-firebase_messaging] AndroidManifest.xml:19:25-75
234            </intent-filter>
235        </service>
236
237        <receiver
237-->[:expo-notifications] AndroidManifest.xml:19:9-31:20
238            android:name="expo.modules.notifications.service.NotificationsService"
238-->[:expo-notifications] AndroidManifest.xml:20:13-83
239            android:enabled="true"
239-->[:expo-notifications] AndroidManifest.xml:21:13-35
240            android:exported="false" >
240-->[:expo-notifications] AndroidManifest.xml:22:13-37
241            <intent-filter android:priority="-1" >
241-->[:expo-notifications] AndroidManifest.xml:23:13-30:29
241-->[:expo-notifications] AndroidManifest.xml:23:28-49
242                <action android:name="expo.modules.notifications.NOTIFICATION_EVENT" />
242-->[:expo-notifications] AndroidManifest.xml:24:17-88
242-->[:expo-notifications] AndroidManifest.xml:24:25-85
243                <action android:name="android.intent.action.BOOT_COMPLETED" />
243-->[:expo-notifications] AndroidManifest.xml:25:17-79
243-->[:expo-notifications] AndroidManifest.xml:25:25-76
244                <action android:name="android.intent.action.REBOOT" />
244-->[:expo-notifications] AndroidManifest.xml:26:17-71
244-->[:expo-notifications] AndroidManifest.xml:26:25-68
245                <action android:name="android.intent.action.QUICKBOOT_POWERON" />
245-->[:expo-notifications] AndroidManifest.xml:27:17-82
245-->[:expo-notifications] AndroidManifest.xml:27:25-79
246                <action android:name="com.htc.intent.action.QUICKBOOT_POWERON" />
246-->[:expo-notifications] AndroidManifest.xml:28:17-82
246-->[:expo-notifications] AndroidManifest.xml:28:25-79
247                <action android:name="android.intent.action.MY_PACKAGE_REPLACED" />
247-->[:expo-notifications] AndroidManifest.xml:29:17-84
247-->[:expo-notifications] AndroidManifest.xml:29:25-81
248            </intent-filter>
249        </receiver>
250
251        <activity
251-->[:expo-notifications] AndroidManifest.xml:33:9-40:75
252            android:name="expo.modules.notifications.service.NotificationForwarderActivity"
252-->[:expo-notifications] AndroidManifest.xml:34:13-92
253            android:excludeFromRecents="true"
253-->[:expo-notifications] AndroidManifest.xml:35:13-46
254            android:exported="false"
254-->[:expo-notifications] AndroidManifest.xml:36:13-37
255            android:launchMode="standard"
255-->[:expo-notifications] AndroidManifest.xml:37:13-42
256            android:noHistory="true"
256-->[:expo-notifications] AndroidManifest.xml:38:13-37
257            android:taskAffinity=""
257-->[:expo-notifications] AndroidManifest.xml:39:13-36
258            android:theme="@android:style/Theme.Translucent.NoTitleBar" />
258-->[:expo-notifications] AndroidManifest.xml:40:13-72
259
260        <meta-data
260-->[:expo-modules-core] AndroidManifest.xml:9:9-11:89
261            android:name="org.unimodules.core.AppLoader#react-native-headless"
261-->[:expo-modules-core] AndroidManifest.xml:10:13-79
262            android:value="expo.modules.adapters.react.apploader.RNHeadlessAppLoader" />
262-->[:expo-modules-core] AndroidManifest.xml:11:13-86
263        <meta-data
263-->[:expo-modules-core] AndroidManifest.xml:12:9-15:45
264            android:name="com.facebook.soloader.enabled"
264-->[:expo-modules-core] AndroidManifest.xml:13:13-57
265            android:value="true" />
265-->[:expo-modules-core] AndroidManifest.xml:14:13-33
266
267        <activity
267-->[com.facebook.react:react-android:0.76.7] AndroidManifest.xml:19:9-21:40
268            android:name="com.facebook.react.devsupport.DevSettingsActivity"
268-->[com.facebook.react:react-android:0.76.7] AndroidManifest.xml:20:13-77
269            android:exported="false" />
269-->[com.facebook.react:react-android:0.76.7] AndroidManifest.xml:21:13-37
270
271        <receiver
271-->[com.google.firebase:firebase-messaging:24.1.0] AndroidManifest.xml:29:9-40:20
272            android:name="com.google.firebase.iid.FirebaseInstanceIdReceiver"
272-->[com.google.firebase:firebase-messaging:24.1.0] AndroidManifest.xml:30:13-78
273            android:exported="true"
273-->[com.google.firebase:firebase-messaging:24.1.0] AndroidManifest.xml:31:13-36